<?xml version="1.0" encoding="UTF-8"?>
<testng-results ignored="0" total="1" passed="0" failed="1" skipped="0">
  <reporter-output>
  </reporter-output>
  <suite started-at="2024-11-14T17:46:13 IST" name="Default suite" finished-at="2024-11-14T17:46:27 IST" duration-ms="13798">
    <groups>
    </groups>
    <test started-at="2024-11-14T17:46:13 IST" name="Default test" finished-at="2024-11-14T17:46:27 IST" duration-ms="13798">
      <class name="com.nagarro.tests.SelectorHub">
        <test-method is-config="true" signature="onSuiteStart()[pri:0, instance:com.nagarro.tests.SelectorHub@68d279ec]" started-at="2024-11-14T17:46:13 IST" name="onSuiteStart" finished-at="2024-11-14T17:46:13 IST" duration-ms="28" status="PASS">
          <reporter-output>
          </reporter-output>
        </test-method> <!-- onSuiteStart -->
        <test-method is-config="true" signature="beforeEveryMethod(java.lang.reflect.Method,java.lang.String)[pri:0, instance:com.nagarro.tests.SelectorHub@68d279ec]" started-at="2024-11-14T17:46:13 IST" name="beforeEveryMethod" finished-at="2024-11-14T17:46:26 IST" duration-ms="12947" status="PASS">
          <params>
            <param index="0">
              <value>
                <![CDATA[public void com.nagarro.tests.SelectorHub.getButtons()]]>
              </value>
            </param>
            <param index="1">
              <value>
                <![CDATA[Chrome]]>
              </value>
            </param>
          </params>
          <reporter-output>
          </reporter-output>
        </test-method> <!-- beforeEveryMethod -->
        <test-method signature="getButtons()[pri:0, instance:com.nagarro.tests.SelectorHub@68d279ec]" started-at="2024-11-14T17:46:26 IST" name="getButtons" finished-at="2024-11-14T17:46:26 IST" duration-ms="33" status="FAIL">
          <exception class="java.lang.NullPointerException">
            <message>
              <![CDATA[Cannot invoke "org.openqa.selenium.WebDriver.findElements(org.openqa.selenium.By)" because "this.driver" is null]]>
            </message>
            <full-stacktrace>
              <![CDATA[java.lang.NullPointerException: Cannot invoke "org.openqa.selenium.WebDriver.findElements(org.openqa.selenium.By)" because "this.driver" is null
at com.nagarro.util.Web_Lib.getElements(Web_Lib.java:130)
at com.nagarro.tests.SelectorHub.getButtons(SelectorHub.java:29)
at java.base/jdk.internal.reflect.NativeMethodAccessorImpl.invoke0(Native Method)
at java.base/jdk.internal.reflect.NativeMethodAccessorImpl.invoke(NativeMethodAccessorImpl.java:77)
at java.base/jdk.internal.reflect.DelegatingMethodAccessorImpl.invoke(DelegatingMethodAccessorImpl.java:43)
at java.base/java.lang.reflect.Method.invoke(Method.java:568)
at org.testng.internal.invokers.MethodInvocationHelper.invokeMethod(MethodInvocationHelper.java:139)
at org.testng.internal.invokers.TestInvoker.invokeMethod(TestInvoker.java:677)
at org.testng.internal.invokers.TestInvoker.invokeTestMethod(TestInvoker.java:221)
at org.testng.internal.invokers.MethodRunner.runInSequence(MethodRunner.java:50)
at org.testng.internal.invokers.TestInvoker$MethodInvocationAgent.invoke(TestInvoker.java:969)
at org.testng.internal.invokers.TestInvoker.invokeTestMethods(TestInvoker.java:194)
at org.testng.internal.invokers.TestMethodWorker.invokeTestMethods(TestMethodWorker.java:148)
at org.testng.internal.invokers.TestMethodWorker.run(TestMethodWorker.java:128)
at java.base/java.util.ArrayList.forEach(ArrayList.java:1511)
at org.testng.TestRunner.privateRun(TestRunner.java:829)
at org.testng.TestRunner.run(TestRunner.java:602)
at org.testng.SuiteRunner.runTest(SuiteRunner.java:437)
at org.testng.SuiteRunner.runSequentially(SuiteRunner.java:431)
at org.testng.SuiteRunner.privateRun(SuiteRunner.java:391)
at org.testng.SuiteRunner.run(SuiteRunner.java:330)
at org.testng.SuiteRunnerWorker.runSuite(SuiteRunnerWorker.java:52)
at org.testng.SuiteRunnerWorker.run(SuiteRunnerWorker.java:95)
at org.testng.TestNG.runSuitesSequentially(TestNG.java:1256)
at org.testng.TestNG.runSuitesLocally(TestNG.java:1176)
at org.testng.TestNG.runSuites(TestNG.java:1099)
at org.testng.TestNG.run(TestNG.java:1067)
at org.testng.remote.AbstractRemoteTestNG.run(AbstractRemoteTestNG.java:115)
at org.testng.remote.RemoteTestNG.initAndRun(RemoteTestNG.java:251)
at org.testng.remote.RemoteTestNG.main(RemoteTestNG.java:77)
]]>
            </full-stacktrace>
          </exception> <!-- java.lang.NullPointerException -->
          <reporter-output>
          </reporter-output>
        </test-method> <!-- getButtons -->
        <test-method is-config="true" signature="afterEveryMethod(org.testng.ITestResult)[pri:0, instance:com.nagarro.tests.SelectorHub@68d279ec]" started-at="2024-11-14T17:46:26 IST" name="afterEveryMethod" finished-at="2024-11-14T17:46:27 IST" duration-ms="716" status="PASS">
          <params>
            <param index="0">
              <value>
                <![CDATA[[TestResult name=getButtons status=FAILURE method=SelectorHub.getButtons()[pri:0, instance:com.nagarro.tests.SelectorHub@68d279ec] output={null}]]]>
              </value>
            </param>
          </params>
          <reporter-output>
          </reporter-output>
        </test-method> <!-- afterEveryMethod -->
        <test-method is-config="true" signature="onFinish(org.testng.ITestContext)[pri:0, instance:com.nagarro.tests.SelectorHub@68d279ec]" started-at="2024-11-14T17:46:27 IST" name="onFinish" finished-at="2024-11-14T17:46:27 IST" duration-ms="1" status="PASS">
          <params>
            <param index="0">
              <value>
                <![CDATA[org.testng.TestRunner@507d64aa]]>
              </value>
            </param>
          </params>
          <reporter-output>
          </reporter-output>
        </test-method> <!-- onFinish -->
      </class> <!-- com.nagarro.tests.SelectorHub -->
    </test> <!-- Default test -->
  </suite> <!-- Default suite -->
</testng-results>
